06/07/22 07:41:49 [5216][-none-][FATAL] Could not connect to DB server localhost as vanthanhduc2000. port : Access denied for user 'vanthanhduc2000'@'localhost' (using password: YES)
06/07/22 07:41:49 [5216][-none-][FATAL] Could Not Connect: Database Is Not Connected
06/07/22 07:41:49 [5216][-none-][FATAL]  Query Failed: SELECT SCHEMA_NAME FROM INFORMATION_SCHEMA.SCHEMATA WHERE SCHEMA_NAME = '' LIMIT 0,1: Database Is Not Connected
06/07/22 07:41:49 [5216][-none-][FATAL]  Get One Failed:SELECT SCHEMA_NAME FROM INFORMATION_SCHEMA.SCHEMATA WHERE SCHEMA_NAME = '': Database Is Not Connected
06/07/22 07:41:49 [5216][-none-][FATAL]  Query Failed: SELECT version() version LIMIT 0,1: Database Is Not Connected
06/07/22 07:41:49 [5216][-none-][FATAL]  Get One Failed:SELECT version() version: Database Is Not Connected
06/07/22 07:43:56 [5216][-none-][FATAL] Could not connect to DB server localhost as root. port : Access denied for user 'root'@'localhost' (using password: YES)
06/07/22 07:43:56 [5216][-none-][FATAL] Could Not Connect: Database Is Not Connected
06/07/22 07:43:56 [5216][-none-][FATAL]  Query Failed: SELECT SCHEMA_NAME FROM INFORMATION_SCHEMA.SCHEMATA WHERE SCHEMA_NAME = '' LIMIT 0,1: Database Is Not Connected
06/07/22 07:43:56 [5216][-none-][FATAL]  Get One Failed:SELECT SCHEMA_NAME FROM INFORMATION_SCHEMA.SCHEMATA WHERE SCHEMA_NAME = '': Database Is Not Connected
06/07/22 07:43:56 [5216][-none-][FATAL]  Query Failed: SELECT version() version LIMIT 0,1: Database Is Not Connected
06/07/22 07:43:56 [5216][-none-][FATAL]  Get One Failed:SELECT version() version: Database Is Not Connected
06/07/22 08:05:00 [5216][-none-][FATAL] Could not connect to DB server localhost as root. port : Access denied for user 'root'@'localhost' (using password: YES)
06/07/22 08:05:00 [5216][-none-][FATAL] Could Not Connect: Database Is Not Connected
06/07/22 08:05:00 [5216][-none-][FATAL]  Query Failed: SELECT SCHEMA_NAME FROM INFORMATION_SCHEMA.SCHEMATA WHERE SCHEMA_NAME = '' LIMIT 0,1: Database Is Not Connected
06/07/22 08:05:00 [5216][-none-][FATAL]  Get One Failed:SELECT SCHEMA_NAME FROM INFORMATION_SCHEMA.SCHEMATA WHERE SCHEMA_NAME = '': Database Is Not Connected
06/07/22 08:05:00 [5216][-none-][FATAL]  Query Failed: SELECT version() version LIMIT 0,1: Database Is Not Connected
06/07/22 08:05:00 [5216][-none-][FATAL]  Get One Failed:SELECT version() version: Database Is Not Connected
06/07/22 08:18:41 [5216][-none-][FATAL] Could not connect to DB server localhost as root. port : Access denied for user 'root'@'localhost' (using password: YES)
06/07/22 08:18:41 [5216][-none-][FATAL] Could Not Connect: Database Is Not Connected
06/07/22 08:18:41 [5216][-none-][FATAL]  Query Failed: SELECT SCHEMA_NAME FROM INFORMATION_SCHEMA.SCHEMATA WHERE SCHEMA_NAME = '' LIMIT 0,1: Database Is Not Connected
06/07/22 08:18:41 [5216][-none-][FATAL]  Get One Failed:SELECT SCHEMA_NAME FROM INFORMATION_SCHEMA.SCHEMATA WHERE SCHEMA_NAME = '': Database Is Not Connected
06/07/22 08:18:41 [5216][-none-][FATAL]  Query Failed: SELECT version() version LIMIT 0,1: Database Is Not Connected
06/07/22 08:18:41 [5216][-none-][FATAL]  Get One Failed:SELECT version() version: Database Is Not Connected
06/07/22 17:27:54 [5216][-none-][FATAL] Could not connect to DB server localhost as root. port : Access denied for user 'root'@'localhost' (using password: YES)
06/07/22 17:27:54 [5216][-none-][FATAL] Could Not Connect: Database Is Not Connected
06/07/22 17:27:54 [5216][-none-][FATAL]  Query Failed: SELECT SCHEMA_NAME FROM INFORMATION_SCHEMA.SCHEMATA WHERE SCHEMA_NAME = '' LIMIT 0,1: Database Is Not Connected
06/07/22 17:27:54 [5216][-none-][FATAL]  Get One Failed:SELECT SCHEMA_NAME FROM INFORMATION_SCHEMA.SCHEMATA WHERE SCHEMA_NAME = '': Database Is Not Connected
06/07/22 17:27:54 [5216][-none-][FATAL]  Query Failed: SELECT version() version LIMIT 0,1: Database Is Not Connected
06/07/22 17:27:54 [5216][-none-][FATAL]  Get One Failed:SELECT version() version: Database Is Not Connected
06/07/22 18:09:13 [5216][-none-][FATAL] Could not connect to DB server localhost as root. port : Access denied for user 'root'@'localhost' (using password: YES)
06/07/22 18:09:13 [5216][-none-][FATAL] Could Not Connect: Database Is Not Connected
06/07/22 18:09:13 [5216][-none-][FATAL]  Query Failed: SELECT SCHEMA_NAME FROM INFORMATION_SCHEMA.SCHEMATA WHERE SCHEMA_NAME = '' LIMIT 0,1: Database Is Not Connected
06/07/22 18:09:13 [5216][-none-][FATAL]  Get One Failed:SELECT SCHEMA_NAME FROM INFORMATION_SCHEMA.SCHEMATA WHERE SCHEMA_NAME = '': Database Is Not Connected
06/07/22 18:09:13 [5216][-none-][FATAL]  Query Failed: SELECT version() version LIMIT 0,1: Database Is Not Connected
06/07/22 18:09:13 [5216][-none-][FATAL]  Get One Failed:SELECT version() version: Database Is Not Connected
06/07/22 18:09:36 [5216][-none-][FATAL] Could not connect to DB server localhost as root. port : Access denied for user 'root'@'localhost' (using password: YES)
06/07/22 18:09:36 [5216][-none-][FATAL] Could Not Connect: Database Is Not Connected
06/07/22 18:09:36 [5216][-none-][FATAL]  Query Failed: SELECT SCHEMA_NAME FROM INFORMATION_SCHEMA.SCHEMATA WHERE SCHEMA_NAME = '' LIMIT 0,1: Database Is Not Connected
06/07/22 18:09:36 [5216][-none-][FATAL]  Get One Failed:SELECT SCHEMA_NAME FROM INFORMATION_SCHEMA.SCHEMATA WHERE SCHEMA_NAME = '': Database Is Not Connected
06/07/22 18:09:36 [5216][-none-][FATAL]  Query Failed: SELECT version() version LIMIT 0,1: Database Is Not Connected
06/07/22 18:09:36 [5216][-none-][FATAL]  Get One Failed:SELECT version() version: Database Is Not Connected
06/07/22 18:09:43 [5216][-none-][FATAL] Could not connect to DB server localhost as root. port : Access denied for user 'root'@'localhost' (using password: YES)
06/07/22 18:09:43 [5216][-none-][FATAL] Could Not Connect: Database Is Not Connected
06/07/22 18:09:43 [5216][-none-][FATAL]  Query Failed: SELECT SCHEMA_NAME FROM INFORMATION_SCHEMA.SCHEMATA WHERE SCHEMA_NAME = '' LIMIT 0,1: Database Is Not Connected
06/07/22 18:09:43 [5216][-none-][FATAL]  Get One Failed:SELECT SCHEMA_NAME FROM INFORMATION_SCHEMA.SCHEMATA WHERE SCHEMA_NAME = '': Database Is Not Connected
06/07/22 18:09:43 [5216][-none-][FATAL]  Query Failed: SELECT version() version LIMIT 0,1: Database Is Not Connected
06/07/22 18:09:43 [5216][-none-][FATAL]  Get One Failed:SELECT version() version: Database Is Not Connected
06/07/22 18:10:15 [5216][-none-][FATAL] Could not connect to DB server localhost as root. port : Access denied for user 'root'@'localhost' (using password: YES)
06/07/22 18:10:15 [5216][-none-][FATAL] Could Not Connect: Database Is Not Connected
06/07/22 18:10:15 [5216][-none-][FATAL]  Query Failed: SELECT SCHEMA_NAME FROM INFORMATION_SCHEMA.SCHEMATA WHERE SCHEMA_NAME = '' LIMIT 0,1: Database Is Not Connected
06/07/22 18:10:15 [5216][-none-][FATAL]  Get One Failed:SELECT SCHEMA_NAME FROM INFORMATION_SCHEMA.SCHEMATA WHERE SCHEMA_NAME = '': Database Is Not Connected
06/07/22 18:10:15 [5216][-none-][FATAL]  Query Failed: SELECT version() version LIMIT 0,1: Database Is Not Connected
06/07/22 18:10:15 [5216][-none-][FATAL]  Get One Failed:SELECT version() version: Database Is Not Connected
06/07/22 18:11:09 [5216][-none-][FATAL] Could not connect to DB server localhost as root. port : Access denied for user 'root'@'localhost' (using password: YES)
06/07/22 18:11:09 [5216][-none-][FATAL] Could Not Connect: Database Is Not Connected
06/07/22 18:11:09 [5216][-none-][FATAL]  Query Failed: SELECT SCHEMA_NAME FROM INFORMATION_SCHEMA.SCHEMATA WHERE SCHEMA_NAME = '' LIMIT 0,1: Database Is Not Connected
06/07/22 18:11:09 [5216][-none-][FATAL]  Get One Failed:SELECT SCHEMA_NAME FROM INFORMATION_SCHEMA.SCHEMATA WHERE SCHEMA_NAME = '': Database Is Not Connected
06/07/22 18:11:09 [5216][-none-][FATAL]  Query Failed: SELECT version() version LIMIT 0,1: Database Is Not Connected
06/07/22 18:11:09 [5216][-none-][FATAL]  Get One Failed:SELECT version() version: Database Is Not Connected
06/07/22 18:11:51 [5216][-none-][FATAL] Could not connect to DB server localhost as root. port : Access denied for user 'root'@'localhost' (using password: YES)
06/07/22 18:11:51 [5216][-none-][FATAL] Could Not Connect: Database Is Not Connected
06/07/22 18:11:51 [5216][-none-][FATAL]  Query Failed: SELECT SCHEMA_NAME FROM INFORMATION_SCHEMA.SCHEMATA WHERE SCHEMA_NAME = '' LIMIT 0,1: Database Is Not Connected
06/07/22 18:11:51 [5216][-none-][FATAL]  Get One Failed:SELECT SCHEMA_NAME FROM INFORMATION_SCHEMA.SCHEMATA WHERE SCHEMA_NAME = '': Database Is Not Connected
06/07/22 18:11:51 [5216][-none-][FATAL]  Query Failed: SELECT version() version LIMIT 0,1: Database Is Not Connected
06/07/22 18:11:51 [5216][-none-][FATAL]  Get One Failed:SELECT version() version: Database Is Not Connected
06/07/22 18:12:24 [5216][-none-][FATAL] Could not connect to DB server localhost as root. port : Access denied for user 'root'@'localhost' (using password: YES)
06/07/22 18:12:24 [5216][-none-][FATAL] Could Not Connect: Database Is Not Connected
06/07/22 18:12:24 [5216][-none-][FATAL]  Query Failed: SELECT SCHEMA_NAME FROM INFORMATION_SCHEMA.SCHEMATA WHERE SCHEMA_NAME = '' LIMIT 0,1: Database Is Not Connected
06/07/22 18:12:24 [5216][-none-][FATAL]  Get One Failed:SELECT SCHEMA_NAME FROM INFORMATION_SCHEMA.SCHEMATA WHERE SCHEMA_NAME = '': Database Is Not Connected
06/07/22 18:12:24 [5216][-none-][FATAL]  Query Failed: SELECT version() version LIMIT 0,1: Database Is Not Connected
06/07/22 18:12:24 [5216][-none-][FATAL]  Get One Failed:SELECT version() version: Database Is Not Connected
06/07/22 18:12:37 [5216][-none-][FATAL] Could not connect to DB server localhost as root. port : Access denied for user 'root'@'localhost' (using password: YES)
06/07/22 18:12:37 [5216][-none-][FATAL] Could Not Connect: Database Is Not Connected
06/07/22 18:12:37 [5216][-none-][FATAL]  Query Failed: SELECT SCHEMA_NAME FROM INFORMATION_SCHEMA.SCHEMATA WHERE SCHEMA_NAME = '' LIMIT 0,1: Database Is Not Connected
06/07/22 18:12:37 [5216][-none-][FATAL]  Get One Failed:SELECT SCHEMA_NAME FROM INFORMATION_SCHEMA.SCHEMATA WHERE SCHEMA_NAME = '': Database Is Not Connected
06/07/22 18:12:37 [5216][-none-][FATAL]  Query Failed: SELECT version() version LIMIT 0,1: Database Is Not Connected
06/07/22 18:12:37 [5216][-none-][FATAL]  Get One Failed:SELECT version() version: Database Is Not Connected
06/08/22 04:23:28 [10728][-none-][FATAL] Could not connect to DB server localhost as root. port : Access denied for user 'root'@'localhost' (using password: YES)
06/08/22 04:23:28 [10728][-none-][FATAL] Could Not Connect: Database Is Not Connected
06/08/22 04:23:28 [10728][-none-][FATAL]  Query Failed: SELECT SCHEMA_NAME FROM INFORMATION_SCHEMA.SCHEMATA WHERE SCHEMA_NAME = '' LIMIT 0,1: Database Is Not Connected
06/08/22 04:23:28 [10728][-none-][FATAL]  Get One Failed:SELECT SCHEMA_NAME FROM INFORMATION_SCHEMA.SCHEMATA WHERE SCHEMA_NAME = '': Database Is Not Connected
06/08/22 04:23:28 [10728][-none-][FATAL]  Query Failed: SELECT version() version LIMIT 0,1: Database Is Not Connected
06/08/22 04:23:28 [10728][-none-][FATAL]  Get One Failed:SELECT version() version: Database Is Not Connected
06/08/22 04:23:51 [10728][-none-][FATAL] Could not connect to DB server localhost as root. port : Access denied for user 'root'@'localhost' (using password: YES)
06/08/22 04:23:51 [10728][-none-][FATAL] Could Not Connect: Database Is Not Connected
06/08/22 04:23:51 [10728][-none-][FATAL]  Query Failed: SELECT SCHEMA_NAME FROM INFORMATION_SCHEMA.SCHEMATA WHERE SCHEMA_NAME = '' LIMIT 0,1: Database Is Not Connected
06/08/22 04:23:51 [10728][-none-][FATAL]  Get One Failed:SELECT SCHEMA_NAME FROM INFORMATION_SCHEMA.SCHEMATA WHERE SCHEMA_NAME = '': Database Is Not Connected
06/08/22 04:23:51 [10728][-none-][FATAL]  Query Failed: SELECT version() version LIMIT 0,1: Database Is Not Connected
06/08/22 04:23:51 [10728][-none-][FATAL]  Get One Failed:SELECT version() version: Database Is Not Connected
06/16/22 03:51:54 [7668][-none-][FATAL] Could not connect to DB server localhost as root. port : Server sent charset unknown to the client. Please, report to the developers
06/16/22 03:52:06 [7668][-none-][FATAL] Could not connect to DB server localhost as root. port : Server sent charset unknown to the client. Please, report to the developers
06/16/22 03:52:07 [7668][-none-][FATAL] Could not connect to DB server localhost as root. port : Server sent charset unknown to the client. Please, report to the developers
06/17/22 04:07:23 [17780][1][FATAL]  Query Failed: ALTER TABLE produ_products   add COLUMN id_pro varchar(255)  NULL ,  add COLUMN name test varchar(255)  NULL ,  add COLUMN id product char(36)  NULL : MySQL error 1064: You have an error in your SQL syntax; check the manual that corresponds to your MySQL server version for the right syntax to use near 'test varchar(255)  NULL ,  add COLUMN id product char(36)  NULL' at line 1
06/17/22 04:10:36 [17780][1][FATAL]  Query Failed: ALTER TABLE produ_products   add COLUMN id_pro varchar(255)  NULL ,  add COLUMN name test varchar(255)  NULL ,  add COLUMN id product char(36)  NULL : MySQL error 1064: You have an error in your SQL syntax; check the manual that corresponds to your MySQL server version for the right syntax to use near 'test varchar(255)  NULL ,  add COLUMN id product char(36)  NULL' at line 1
06/17/22 04:12:44 [17780][1][FATAL]  Query Failed: ALTER TABLE produ_products   add COLUMN id_pro varchar(255)  NULL ,  add COLUMN name test varchar(255)  NULL ,  add COLUMN id product char(36)  NULL : MySQL error 1064: You have an error in your SQL syntax; check the manual that corresponds to your MySQL server version for the right syntax to use near 'test varchar(255)  NULL ,  add COLUMN id product char(36)  NULL' at line 1
06/17/22 04:13:39 [17780][1][FATAL] Executing repair query:  Query Failed: ALTER TABLE produ_products   add COLUMN id_pro varchar(255)  NULL ,  add COLUMN name test varchar(255)  NULL ,  add COLUMN id product char(36)  NULL: MySQL error 1064: You have an error in your SQL syntax; check the manual that corresponds to your MySQL server version for the right syntax to use near 'test varchar(255)  NULL ,  add COLUMN id product char(36)  NULL' at line 1
